# JRE version: Java(TM) SE Runtime Environment (8.0_211-b12) (build 1.8.0_211-b12)
# Java VM: Java HotSpot(TM) 64-Bit Server VM (25.211-b12 mixed mode windows-amd64 compressed oops)
Heap:
 PSYoungGen      total 305664K, used 18129K [0x00000000eab00000, 0x0000000100000000, 0x0000000100000000)
  eden space 262144K, 6% used [0x00000000eab00000,0x00000000ebcb4440,0x00000000fab00000)
  from space 43520K, 0% used [0x00000000fd580000,0x00000000fd580000,0x0000000100000000)
  to   space 43520K, 0% used [0x00000000fab00000,0x00000000fab00000,0x00000000fd580000)
 ParOldGen       total 173568K, used 72754K [0x00000000c0000000, 0x00000000ca980000, 0x00000000eab00000)
  object space 173568K, 41% used [0x00000000c0000000,0x00000000c470c900,0x00000000ca980000)
 Metaspace       used 13937K, capacity 14546K, committed 14848K, reserved 1062912K
  class space    used 2050K, capacity 2214K, committed 2304K, reserved 1048576K
GC Heap History (10 events):
Event: 7.176 GC heap before
{Heap before GC invocations=6 (full 1):
 PSYoungGen      total 140800K, used 140776K [0x00000000eab00000, 0x00000000f3f00000, 0x0000000100000000)
  eden space 130048K, 100% used [0x00000000eab00000,0x00000000f2a00000,0x00000000f2a00000)
  from space 10752K, 99% used [0x00000000f3480000,0x00000000f3efa038,0x00000000f3f00000)
  to   space 10752K, 0% used [0x00000000f2a00000,0x00000000f2a00000,0x00000000f3480000)
 ParOldGen       total 173568K, used 22187K [0x00000000c0000000, 0x00000000ca980000, 0x00000000eab00000)
  object space 173568K, 12% used [0x00000000c0000000,0x00000000c15aafe0,0x00000000ca980000)
 Metaspace       used 13216K, capacity 13846K, committed 13952K, reserved 1060864K
  class space    used 1952K, capacity 2124K, committed 2176K, reserved 1048576K
Event: 7.195 GC heap after
Heap after GC invocations=6 (full 1):
 PSYoungGen      total 140800K, used 10744K [0x00000000eab00000, 0x00000000fbe00000, 0x0000000100000000)
  eden space 130048K, 0% used [0x00000000eab00000,0x00000000eab00000,0x00000000f2a00000)
  from space 10752K, 99% used [0x00000000f2a00000,0x00000000f347e0c8,0x00000000f3480000)
  to   space 10752K, 0% used [0x00000000fb380000,0x00000000fb380000,0x00000000fbe00000)
 ParOldGen       total 173568K, used 39950K [0x00000000c0000000, 0x00000000ca980000, 0x00000000eab00000)
  object space 173568K, 23% used [0x00000000c0000000,0x00000000c2703bb0,0x00000000ca980000)
 Metaspace       used 13216K, capacity 13846K, committed 13952K, reserved 1060864K
  class space    used 1952K, capacity 2124K, committed 2176K, reserved 1048576K
}
Event: 7.508 GC heap before
{Heap before GC invocations=7 (full 1):
 PSYoungGen      total 140800K, used 140792K [0x00000000eab00000, 0x00000000fbe00000, 0x0000000100000000)
  eden space 130048K, 100% used [0x00000000eab00000,0x00000000f2a00000,0x00000000f2a00000)
  from space 10752K, 99% used [0x00000000f2a00000,0x00000000f347e0c8,0x00000000f3480000)
  to   space 10752K, 0% used [0x00000000fb380000,0x00000000fb380000,0x00000000fbe00000)
 ParOldGen       total 173568K, used 39950K [0x00000000c0000000, 0x00000000ca980000, 0x00000000eab00000)
  object space 173568K, 23% used [0x00000000c0000000,0x00000000c2703bb0,0x00000000ca980000)
 Metaspace       used 13681K, capacity 14284K, committed 14464K, reserved 1060864K
  class space    used 2025K, capacity 2174K, committed 2176K, reserved 1048576K
Event: 7.532 GC heap after
Heap after GC invocations=7 (full 1):
 PSYoungGen      total 244736K, used 10751K [0x00000000eab00000, 0x00000000ff100000, 0x0000000100000000)
  eden space 233984K, 0% used [0x00000000eab00000,0x00000000eab00000,0x00000000f8f80000)
  from space 10752K, 99% used [0x00000000fb380000,0x00000000fbdfffe8,0x00000000fbe00000)
  to   space 36864K, 0% used [0x00000000f8f80000,0x00000000f8f80000,0x00000000fb380000)
 ParOldGen       total 173568K, used 56102K [0x00000000c0000000, 0x00000000ca980000, 0x00000000eab00000)
  object space 173568K, 32% used [0x00000000c0000000,0x00000000c36c9808,0x00000000ca980000)
 Metaspace       used 13681K, capacity 14284K, committed 14464K, reserved 1060864K
  class space    used 2025K, capacity 2174K, committed 2176K, reserved 1048576K
}
Event: 7.829 GC heap before
{Heap before GC invocations=8 (full 1):
 PSYoungGen      total 244736K, used 244735K [0x00000000eab00000, 0x00000000ff100000, 0x0000000100000000)
  eden space 233984K, 100% used [0x00000000eab00000,0x00000000f8f80000,0x00000000f8f80000)
  from space 10752K, 99% used [0x00000000fb380000,0x00000000fbdfffe8,0x00000000fbe00000)
  to   space 36864K, 0% used [0x00000000f8f80000,0x00000000f8f80000,0x00000000fb380000)
 ParOldGen       total 173568K, used 56102K [0x00000000c0000000, 0x00000000ca980000, 0x00000000eab00000)
  object space 173568K, 32% used [0x00000000c0000000,0x00000000c36c9808,0x00000000ca980000)
 Metaspace       used 13695K, capacity 14292K, committed 14592K, reserved 1060864K
  class space    used 2028K, capacity 2177K, committed 2304K, reserved 1048576K
Event: 7.861 GC heap after
Heap after GC invocations=8 (full 1):
 PSYoungGen      total 270848K, used 36650K [0x00000000eab00000, 0x0000000100000000, 0x0000000100000000)
  eden space 233984K, 0% used [0x00000000eab00000,0x00000000eab00000,0x00000000f8f80000)
  from space 36864K, 99% used [0x00000000f8f80000,0x00000000fb34aa60,0x00000000fb380000)
  to   space 43520K, 0% used [0x00000000fd580000,0x00000000fd580000,0x0000000100000000)
 ParOldGen       total 173568K, used 56110K [0x00000000c0000000, 0x00000000ca980000, 0x00000000eab00000)
  object space 173568K, 32% used [0x00000000c0000000,0x00000000c36cb808,0x00000000ca980000)
 Metaspace       used 13695K, capacity 14292K, committed 14592K, reserved 1060864K
  class space    used 2028K, capacity 2177K, committed 2304K, reserved 1048576K
}
Event: 8.515 GC heap before
{Heap before GC invocations=9 (full 1):
 PSYoungGen      total 270848K, used 55927K [0x00000000eab00000, 0x0000000100000000, 0x0000000100000000)
  eden space 233984K, 8% used [0x00000000eab00000,0x00000000ebdd3270,0x00000000f8f80000)
  from space 36864K, 99% used [0x00000000f8f80000,0x00000000fb34aa60,0x00000000fb380000)
  to   space 43520K, 0% used [0x00000000fd580000,0x00000000fd580000,0x0000000100000000)
 ParOldGen       total 173568K, used 56110K [0x00000000c0000000, 0x00000000ca980000, 0x00000000eab00000)
  object space 173568K, 32% used [0x00000000c0000000,0x00000000c36cb808,0x00000000ca980000)
 Metaspace       used 13919K, capacity 14546K, committed 14848K, reserved 1062912K
  class space    used 2047K, capacity 2214K, committed 2304K, reserved 1048576K
Event: 8.535 GC heap after
Heap after GC invocations=9 (full 1):
 PSYoungGen      total 305664K, used 26751K [0x00000000eab00000, 0x0000000100000000, 0x0000000100000000)
  eden space 262144K, 0% used [0x00000000eab00000,0x00000000eab00000,0x00000000fab00000)
  from space 43520K, 61% used [0x00000000fd580000,0x00000000fef9ffd0,0x0000000100000000)
  to   space 43520K, 0% used [0x00000000fab00000,0x00000000fab00000,0x00000000fd580000)
 ParOldGen       total 173568K, used 62664K [0x00000000c0000000, 0x00000000ca980000, 0x00000000eab00000)
  object space 173568K, 36% used [0x00000000c0000000,0x00000000c3d32388,0x00000000ca980000)
 Metaspace       used 13919K, capacity 14546K, committed 14848K, reserved 1062912K
  class space    used 2047K, capacity 2214K, committed 2304K, reserved 1048576K
}
Event: 8.536 GC heap before
{Heap before GC invocations=10 (full 2):
 PSYoungGen      total 305664K, used 26751K [0x00000000eab00000, 0x0000000100000000, 0x0000000100000000)
  eden space 262144K, 0% used [0x00000000eab00000,0x00000000eab00000,0x00000000fab00000)
  from space 43520K, 61% used [0x00000000fd580000,0x00000000fef9ffd0,0x0000000100000000)
  to   space 43520K, 0% used [0x00000000fab00000,0x00000000fab00000,0x00000000fd580000)
 ParOldGen       total 173568K, used 62664K [0x00000000c0000000, 0x00000000ca980000, 0x00000000eab00000)
  object space 173568K, 36% used [0x00000000c0000000,0x00000000c3d32388,0x00000000ca980000)
 Metaspace       used 13919K, capacity 14546K, committed 14848K, reserved 1062912K
  class space    used 2047K, capacity 2214K, committed 2304K, reserved 1048576K
Event: 8.826 GC heap after
Heap after GC invocations=10 (full 2):
 PSYoungGen      total 305664K, used 0K [0x00000000eab00000, 0x0000000100000000, 0x0000000100000000)
  eden space 262144K, 0% used [0x00000000eab00000,0x00000000eab00000,0x00000000fab00000)
  from space 43520K, 0% used [0x00000000fd580000,0x00000000fd580000,0x0000000100000000)
  to   space 43520K, 0% used [0x00000000fab00000,0x00000000fab00000,0x00000000fd580000)
 ParOldGen       total 173568K, used 72754K [0x00000000c0000000, 0x00000000ca980000, 0x00000000eab00000)
  object space 173568K, 41% used [0x00000000c0000000,0x00000000c470c900,0x00000000ca980000)
 Metaspace       used 13919K, capacity 14546K, committed 14848K, reserved 1062912K
  class space    used 2047K, capacity 2214K, committed 2304K, reserved 1048576K
}

